The system is: CYGWIN - 3.1.7(0.340/5/3) - x86_64
Compiling the C compiler identification source file "CMakeCCompilerId.c" succeeded.
Compiler: /usr/bin/cc 
Build flags: --coverage
Id flags:  

The output was:
0


Compilation of the C compiler identification source "CMakeCCompilerId.c" produced "CMakeCCompilerId.gcno"

Compilation of the C compiler identification source "CMakeCCompilerId.c" produced "a.exe"

The C compiler identification is GNU, found in "/cygdrive/c/Users/vAsmad/CLionProjects/TPI_toroide/cmake-build-debug-coverage/CMakeFiles/3.17.3/CompilerIdC/a.exe"

Compiling the CXX compiler identification source file "CMakeCXXCompilerId.cpp" succeeded.
Compiler: /usr/bin/c++.exe 
Build flags: --coverage
Id flags:  

The output was:
0


Compilation of the CXX compiler identification source "CMakeCXXCompilerId.cpp" produced "CMakeCXXCompilerId.gcno"

Compilation of the CXX compiler identification source "CMakeCXXCompilerId.cpp" produced "a.exe"

The CXX compiler identification is GNU, found in "/cygdrive/c/Users/vAsmad/CLionProjects/TPI_toroide/cmake-build-debug-coverage/CMakeFiles/3.17.3/CompilerIdCXX/a.exe"

Determining if the C compiler works passed with the following output:
Change Dir: /cygdrive/c/Users/vAsmad/CLionProjects/TPI_toroide/cmake-build-debug-coverage/CMakeFiles/CMakeTmp

Run Build Command(s):/cygdrive/c/Strawberry/c/bin/gmake.exe cmTC_64561/fast && C:/Strawberry/c/bin/gmake  -f CMakeFiles/cmTC_64561.dir/build.make CMakeFiles/cmTC_64561.dir/build
gmake[1]: Entering directory 'C:/Users/vAsmad/CLionProjects/TPI_toroide/cmake-build-debug-coverage/CMakeFiles/CMakeTmp'
Building C object CMakeFiles/cmTC_64561.dir/testCCompiler.c.o
/usr/bin/cc   --coverage    -o CMakeFiles/cmTC_64561.dir/testCCompiler.c.o   -c /cygdrive/c/Users/vAsmad/CLionProjects/TPI_toroide/cmake-build-debug-coverage/CMakeFiles/CMakeTmp/testCCompiler.c
Linking C executable cmTC_64561.exe
/cygdrive/c/Users/vAsmad/AppData/Local/JetBrains/CLion2020.2/cygwin_cmake/bin/cmake.exe -E cmake_link_script CMakeFiles/cmTC_64561.dir/link.txt --verbose=1
/usr/bin/cc --coverage   -Wl,--enable-auto-import  CMakeFiles/cmTC_64561.dir/testCCompiler.c.o  -o cmTC_64561.exe -Wl,--out-implib,libcmTC_64561.dll.a -Wl,--major-image-version,0,--minor-image-version,0 
gmake[1]: Leaving directory 'C:/Users/vAsmad/CLionProjects/TPI_toroide/cmake-build-debug-coverage/CMakeFiles/CMakeTmp'



Determining if the CXX compiler works passed with the following output:
Change Dir: /cygdrive/c/Users/vAsmad/CLionProjects/TPI_toroide/cmake-build-debug-coverage/CMakeFiles/CMakeTmp

Run Build Command(s):/cygdrive/c/Strawberry/c/bin/gmake.exe cmTC_90a00/fast && C:/Strawberry/c/bin/gmake  -f CMakeFiles/cmTC_90a00.dir/build.make CMakeFiles/cmTC_90a00.dir/build
gmake[1]: Entering directory 'C:/Users/vAsmad/CLionProjects/TPI_toroide/cmake-build-debug-coverage/CMakeFiles/CMakeTmp'
Building CXX object CMakeFiles/cmTC_90a00.dir/testCXXCompiler.cxx.o
/usr/bin/c++.exe    --coverage    -o CMakeFiles/cmTC_90a00.dir/testCXXCompiler.cxx.o -c /cygdrive/c/Users/vAsmad/CLionProjects/TPI_toroide/cmake-build-debug-coverage/CMakeFiles/CMakeTmp/testCXXCompiler.cxx
Linking CXX executable cmTC_90a00.exe
/cygdrive/c/Users/vAsmad/AppData/Local/JetBrains/CLion2020.2/cygwin_cmake/bin/cmake.exe -E cmake_link_script CMakeFiles/cmTC_90a00.dir/link.txt --verbose=1
/usr/bin/c++.exe --coverage   -Wl,--enable-auto-import  CMakeFiles/cmTC_90a00.dir/testCXXCompiler.cxx.o  -o cmTC_90a00.exe -Wl,--out-implib,libcmTC_90a00.dll.a -Wl,--major-image-version,0,--minor-image-version,0 
gmake[1]: Leaving directory 'C:/Users/vAsmad/CLionProjects/TPI_toroide/cmake-build-debug-coverage/CMakeFiles/CMakeTmp'



Determining if the include file pthread.h exists passed with the following output:
Change Dir: /cygdrive/c/Users/vAsmad/CLionProjects/TPI_toroide/cmake-build-debug-coverage/CMakeFiles/CMakeTmp

Run Build Command(s):/cygdrive/c/Strawberry/c/bin/gmake.exe cmTC_2b31b/fast && C:/Strawberry/c/bin/gmake  -f CMakeFiles/cmTC_2b31b.dir/build.make CMakeFiles/cmTC_2b31b.dir/build
gmake[1]: Entering directory 'C:/Users/vAsmad/CLionProjects/TPI_toroide/cmake-build-debug-coverage/CMakeFiles/CMakeTmp'
Building C object CMakeFiles/cmTC_2b31b.dir/CheckIncludeFile.c.o
/usr/bin/cc   --coverage    -o CMakeFiles/cmTC_2b31b.dir/CheckIncludeFile.c.o   -c /cygdrive/c/Users/vAsmad/CLionProjects/TPI_toroide/cmake-build-debug-coverage/CMakeFiles/CMakeTmp/CheckIncludeFile.c
Linking C executable cmTC_2b31b.exe
/cygdrive/c/Users/vAsmad/AppData/Local/JetBrains/CLion2020.2/cygwin_cmake/bin/cmake.exe -E cmake_link_script CMakeFiles/cmTC_2b31b.dir/link.txt --verbose=1
/usr/bin/cc --coverage   -Wl,--enable-auto-import  CMakeFiles/cmTC_2b31b.dir/CheckIncludeFile.c.o  -o cmTC_2b31b.exe -Wl,--out-implib,libcmTC_2b31b.dll.a -Wl,--major-image-version,0,--minor-image-version,0 
gmake[1]: Leaving directory 'C:/Users/vAsmad/CLionProjects/TPI_toroide/cmake-build-debug-coverage/CMakeFiles/CMakeTmp'



Performing C SOURCE FILE Test CMAKE_HAVE_LIBC_PTHREAD succeeded with the following output:
Change Dir: /cygdrive/c/Users/vAsmad/CLionProjects/TPI_toroide/cmake-build-debug-coverage/CMakeFiles/CMakeTmp

Run Build Command(s):/cygdrive/c/Strawberry/c/bin/gmake.exe cmTC_dba19/fast && C:/Strawberry/c/bin/gmake  -f CMakeFiles/cmTC_dba19.dir/build.make CMakeFiles/cmTC_dba19.dir/build
gmake[1]: Entering directory 'C:/Users/vAsmad/CLionProjects/TPI_toroide/cmake-build-debug-coverage/CMakeFiles/CMakeTmp'
Building C object CMakeFiles/cmTC_dba19.dir/src.c.o
/usr/bin/cc   --coverage -DCMAKE_HAVE_LIBC_PTHREAD   -o CMakeFiles/cmTC_dba19.dir/src.c.o   -c /cygdrive/c/Users/vAsmad/CLionProjects/TPI_toroide/cmake-build-debug-coverage/CMakeFiles/CMakeTmp/src.c
Linking C executable cmTC_dba19.exe
/cygdrive/c/Users/vAsmad/AppData/Local/JetBrains/CLion2020.2/cygwin_cmake/bin/cmake.exe -E cmake_link_script CMakeFiles/cmTC_dba19.dir/link.txt --verbose=1
/usr/bin/cc --coverage -DCMAKE_HAVE_LIBC_PTHREAD  -Wl,--enable-auto-import  CMakeFiles/cmTC_dba19.dir/src.c.o  -o cmTC_dba19.exe -Wl,--out-implib,libcmTC_dba19.dll.a -Wl,--major-image-version,0,--minor-image-version,0 
gmake[1]: Leaving directory 'C:/Users/vAsmad/CLionProjects/TPI_toroide/cmake-build-debug-coverage/CMakeFiles/CMakeTmp'


Source file was:
#include <pthread.h>

void* test_func(void* data)
{
  return data;
}

int main(void)
{
  pthread_t thread;
  pthread_create(&thread, NULL, test_func, NULL);
  pthread_detach(thread);
  pthread_cancel(thread);
  pthread_join(thread, NULL);
  pthread_atfork(NULL, NULL, NULL);
  pthread_exit(NULL);

  return 0;
}

